This is pdfTeX, Version 3.14159265-2.6-1.40.15 (MiKTeX 2.9 64-bit) (preloaded format=pdflatex 2016.2.11)  10 MAY 2016 02:56
entering extended mode
**project3.tex
(project3.tex
LaTeX2e <2014/05/01>
Babel <3.9l> and hyphenation patterns for 68 languages loaded.
("C:\Program Files\MiKTeX 2.9\tex\latex\base\article.cls"
Document Class: article 2014/09/29 v1.4h Standard LaTeX document class
("C:\Program Files\MiKTeX 2.9\tex\latex\base\size11.clo"
File: size11.clo 2014/09/29 v1.4h Standard LaTeX file (size option)
)
\c@part=\count79
\c@section=\count80
\c@subsection=\count81
\c@subsubsection=\count82
\c@paragraph=\count83
\c@subparagraph=\count84
\c@figure=\count85
\c@table=\count86
\abovecaptionskip=\skip41
\belowcaptionskip=\skip42
\bibindent=\dimen102
)
("C:\Program Files\MiKTeX 2.9\tex\latex\amsmath\amsmath.sty"
Package: amsmath 2013/01/14 v2.14 AMS math features
\@mathmargin=\skip43

For additional information on amsmath, use the `?' option.
("C:\Program Files\MiKTeX 2.9\tex\latex\amsmath\amstext.sty"
Package: amstext 2000/06/29 v2.01

("C:\Program Files\MiKTeX 2.9\tex\latex\amsmath\amsgen.sty"
File: amsgen.sty 1999/11/30 v2.0
\@emptytoks=\toks14
\ex@=\dimen103
))
("C:\Program Files\MiKTeX 2.9\tex\latex\amsmath\amsbsy.sty"
Package: amsbsy 1999/11/29 v1.2d
\pmbraise@=\dimen104
)
("C:\Program Files\MiKTeX 2.9\tex\latex\amsmath\amsopn.sty"
Package: amsopn 1999/12/14 v2.01 operator names
)
\inf@bad=\count87
LaTeX Info: Redefining \frac on input line 210.
\uproot@=\count88
\leftroot@=\count89
LaTeX Info: Redefining \overline on input line 306.
\classnum@=\count90
\DOTSCASE@=\count91
LaTeX Info: Redefining \ldots on input line 378.
LaTeX Info: Redefining \dots on input line 381.
LaTeX Info: Redefining \cdots on input line 466.
\Mathstrutbox@=\box26
\strutbox@=\box27
\big@size=\dimen105
LaTeX Font Info:    Redeclaring font encoding OML on input line 566.
LaTeX Font Info:    Redeclaring font encoding OMS on input line 567.
\macc@depth=\count92
\c@MaxMatrixCols=\count93
\dotsspace@=\muskip10
\c@parentequation=\count94
\dspbrk@lvl=\count95
\tag@help=\toks15
\row@=\count96
\column@=\count97
\maxfields@=\count98
\andhelp@=\toks16
\eqnshift@=\dimen106
\alignsep@=\dimen107
\tagshift@=\dimen108
\tagwidth@=\dimen109
\totwidth@=\dimen110
\lineht@=\dimen111
\@envbody=\toks17
\multlinegap=\skip44
\multlinetaggap=\skip45
\mathdisplay@stack=\toks18
LaTeX Info: Redefining \[ on input line 2665.
LaTeX Info: Redefining \] on input line 2666.
)
("C:\Program Files\MiKTeX 2.9\tex\latex\listings\listings.sty"
("C:\Program Files\MiKTeX 2.9\tex\latex\graphics\keyval.sty"
Package: keyval 2014/10/28 v1.15 key=value parser (DPC)
\KV@toks@=\toks19
)
\lst@mode=\count99
\lst@gtempboxa=\box28
\lst@token=\toks20
\lst@length=\count100
\lst@currlwidth=\dimen112
\lst@column=\count101
\lst@pos=\count102
\lst@lostspace=\dimen113
\lst@width=\dimen114
\lst@newlines=\count103
\lst@lineno=\count104
\lst@maxwidth=\dimen115

("C:\Program Files\MiKTeX 2.9\tex\latex\listings\lstmisc.sty"
File: lstmisc.sty 2014/09/06 1.5e (Carsten Heinz)
\c@lstnumber=\count105
\lst@skipnumbers=\count106
\lst@framebox=\box29
)
("C:\Program Files\MiKTeX 2.9\tex\latex\listings\listings.cfg"
File: listings.cfg 2014/09/06 1.5e listings configuration
))
Package: listings 2014/09/06 1.5e (Carsten Heinz)

("C:\Program Files\MiKTeX 2.9\tex\latex\graphics\graphicx.sty"
Package: graphicx 2014/10/28 v1.0g Enhanced LaTeX Graphics (DPC,SPQR)

("C:\Program Files\MiKTeX 2.9\tex\latex\graphics\graphics.sty"
Package: graphics 2014/10/28 v1.0p Standard LaTeX Graphics (DPC,SPQR)

("C:\Program Files\MiKTeX 2.9\tex\latex\graphics\trig.sty"
Package: trig 1999/03/16 v1.09 sin cos tan (DPC)
)
("C:\Program Files\MiKTeX 2.9\tex\latex\00miktex\graphics.cfg"
File: graphics.cfg 2007/01/18 v1.5 graphics configuration of teTeX/TeXLive
)
Package graphics Info: Driver file: pdftex.def on input line 91.

("C:\Program Files\MiKTeX 2.9\tex\latex\pdftex-def\pdftex.def"
File: pdftex.def 2011/05/27 v0.06d Graphics/color for pdfTeX

("C:\Program Files\MiKTeX 2.9\tex\generic\oberdiek\infwarerr.sty"
Package: infwarerr 2010/04/08 v1.3 Providing info/warning/error messages (HO)
)
("C:\Program Files\MiKTeX 2.9\tex\generic\oberdiek\ltxcmds.sty"
Package: ltxcmds 2011/11/09 v1.22 LaTeX kernel commands for general use (HO)
)
\Gread@gobject=\count107
))
\Gin@req@height=\dimen116
\Gin@req@width=\dimen117
)
(project3.aux)
LaTeX Font Info:    Checking defaults for OML/cmm/m/it on input line 7.
LaTeX Font Info:    ... okay on input line 7.
LaTeX Font Info:    Checking defaults for T1/cmr/m/n on input line 7.
LaTeX Font Info:    ... okay on input line 7.
LaTeX Font Info:    Checking defaults for OT1/cmr/m/n on input line 7.
LaTeX Font Info:    ... okay on input line 7.
LaTeX Font Info:    Checking defaults for OMS/cmsy/m/n on input line 7.
LaTeX Font Info:    ... okay on input line 7.
LaTeX Font Info:    Checking defaults for OMX/cmex/m/n on input line 7.
LaTeX Font Info:    ... okay on input line 7.
LaTeX Font Info:    Checking defaults for U/cmr/m/n on input line 7.
LaTeX Font Info:    ... okay on input line 7.
\c@lstlisting=\count108
 ("C:\Program Files\MiKTeX 2.9\tex\context\base\supp-pdf.mkii"
[Loading MPS to PDF converter (version 2006.09.02).]
\scratchcounter=\count109
\scratchdimen=\dimen118
\scratchbox=\box30
\nofMPsegments=\count110
\nofMParguments=\count111
\everyMPshowfont=\toks21
\MPscratchCnt=\count112
\MPscratchDim=\dimen119
\MPnumerator=\count113
\makeMPintoPDFobject=\count114
\everyMPtoPDFconversion=\toks22
) [1

{C:/ProgramData/MiKTeX/2.9/pdftex/config/pdftex.map}] [2] [3]
<EarthverletN100yr5.png, id=20, 421.575pt x 316.18124pt>
File: EarthverletN100yr5.png Graphic file (type png)

<use EarthverletN100yr5.png>
Package pdftex.def Info: EarthverletN100yr5.png used on input line 95.
(pdftex.def)             Requested size: 360.0pt x 270.00487pt.

<Earthrk4N100yr5.png, id=21, 421.575pt x 316.18124pt>
File: Earthrk4N100yr5.png Graphic file (type png)

<use Earthrk4N100yr5.png>
Package pdftex.def Info: Earthrk4N100yr5.png used on input line 102.
(pdftex.def)             Requested size: 360.0pt x 270.00487pt.
 <escape.png, id=22, 831.105pt x 316.18124pt>
File: escape.png Graphic file (type png)

<use escape.png>
Package pdftex.def Info: escape.png used on input line 109.
(pdftex.def)             Requested size: 360.0pt x 136.95395pt.
 <n100yr10.png, id=23, 421.575pt x 316.18124pt>
File: n100yr10.png Graphic file (type png)

<use n100yr10.png>
Package pdftex.def Info: n100yr10.png used on input line 116.
(pdftex.def)             Requested size: 360.0pt x 270.00487pt.
 <n200yr250.png, id=24, 421.575pt x 316.18124pt>
File: n200yr250.png Graphic file (type png)

<use n200yr250.png>
Package pdftex.def Info: n200yr250.png used on input line 121.
(pdftex.def)             Requested size: 360.0pt x 270.00487pt.
 [4] [5 <./EarthverletN100yr5.png (PNG copy)>] [6 <./Earthrk4N100yr5.png (PNG c
opy)> <./escape.png (PNG copy)>] [7 <./n100yr10.png (PNG copy)>] [8 <./n200yr25
0.png (PNG copy)>]
Overfull \hbox (111.3924pt too wide) in paragraph at lines 611--611
[]\OT1/cmtt/m/n/10.95 planet(std::string planetname, double M, double x,double 
y, double vx, double vy);[] 
 []


Overfull \hbox (163.13058pt too wide) in paragraph at lines 611--611
[]\OT1/cmtt/m/n/10.95 planet::planet(std::string planetname, double M, double x
, double y, double vx, double vy){[] 
 []

[9]
Overfull \hbox (134.38715pt too wide) in paragraph at lines 611--611
[]\OT1/cmtt/m/n/10.95 std::string filename = "rk4method1/"+name+"rk4" + "N" + N
_str +"yr" + yr_str + ".csv";[] 
 []


Overfull \hbox (13.6647pt too wide) in paragraph at lines 611--611
[]\OT1/cmtt/m/n/10.95 myfile << t << ","<< x<< ","<< vx<< "," << y<< "," << vy<
< "\n" ;[] 
 []

[10]
Overfull \hbox (13.6647pt too wide) in paragraph at lines 611--611
[]\OT1/cmtt/m/n/10.95 myfile << t << ","<< x<< ","<< vx<< "," << y<< "," << vy<
< "\n" ;[] 
 []

[11]
Overfull \hbox (71.15158pt too wide) in paragraph at lines 611--611
[]\OT1/cmtt/m/n/10.95 std::string filename = name+"verlet" + "N" + N_str +"yr" 
+ yr_str + ".csv";[] 
 []


Overfull \hbox (13.6647pt too wide) in paragraph at lines 611--611
[]\OT1/cmtt/m/n/10.95 myfile << t << ","<< x<< ","<< vx<< "," << y<< "," << vy<
< "\n" ;[] 
 []


Overfull \hbox (13.6647pt too wide) in paragraph at lines 611--611
[]\OT1/cmtt/m/n/10.95 myfile << t << ","<< x<< ","<< vx<< "," << y<< "," << vy<
< "\n" ;[] 
 []

[12] [13]
Overfull \hbox (111.3924pt too wide) in paragraph at lines 611--611
[]\OT1/cmtt/m/n/10.95 for(int count = 0; count < (years*N); count ++){ //iterat
e through number of steps[] 
 []


Overfull \hbox (111.3924pt too wide) in paragraph at lines 611--611
[]\OT1/cmtt/m/n/10.95 for(i=0; i < size ; i++){               //iterate through
 eachplanet once per step[] 
 []


Overfull \hbox (151.63321pt too wide) in paragraph at lines 611--611
[]\OT1/cmtt/m/n/10.95 std::string filename = "verlet2/sys"+planlist[i].name+"N"
+N_str+"yr"+yr_str+"verlet.csv";[] 
 []


Overfull \hbox (105.6437pt too wide) in paragraph at lines 611--611
[]\OT1/cmtt/m/n/10.95 x1 -= plan2.mass*h*h*2*PI*PI*(planlist[i].position[0]-pla
n2.position[0])/(r*r*r);[] 
 []


Overfull \hbox (105.6437pt too wide) in paragraph at lines 611--611
[]\OT1/cmtt/m/n/10.95 y1 -= plan2.mass*h*h*2*PI*PI*(planlist[i].position[1]-pla
n2.position[1])/(r*r*r);[] 
 []


Overfull \hbox (266.60696pt too wide) in paragraph at lines 611--611
[]\OT1/cmtt/m/n/10.95 //                           cout<<"change"<<h*h*2*PI*PI*
(planlist[i].position[0]-plan2.position[0])/(r*r*r);[] 
 []

[14]
Overfull \hbox (128.63846pt too wide) in paragraph at lines 611--611
[]\OT1/cmtt/m/n/10.95 vx1 -= plan2.mass*2*PI*PI*(planlist[i].position[0]+x1-2*p
lan2.position[0])*h/(r*r*r);[] 
 []


Overfull \hbox (59.6542pt too wide) in paragraph at lines 611--611
[]\OT1/cmtt/m/n/10.95 //cout<<"change"<<4*PI*PI*(plan.position[0]-plan2.positio
n[0])*h/(r*r*r);[] 
 []


Overfull \hbox (128.63846pt too wide) in paragraph at lines 611--611
[]\OT1/cmtt/m/n/10.95 vy1 -= plan2.mass*2*PI*PI*(planlist[i].position[1]+y1-2*p
lan2.position[1])*h/(r*r*r);[] 
 []


Overfull \hbox (42.40814pt too wide) in paragraph at lines 611--611
[]\OT1/cmtt/m/n/10.95 myfile << t << ","<< x1 << ","<< vx1<< "," << y1<< "," <<
 vy1<< "\n" ;[] 
 []


Overfull \hbox (42.40814pt too wide) in paragraph at lines 611--611
[]\OT1/cmtt/m/n/10.95 //cout << t << ","<< x1 << ","<< vx1<< "," << y1<< "," <<
 vy1<< "\n" ;[] 
 []


Overfull \hbox (111.3924pt too wide) in paragraph at lines 611--611
[]\OT1/cmtt/m/n/10.95 for(int count = 0; count < (years*N); count ++){ //iterat
e through number of steps[] 
 []


Overfull \hbox (111.3924pt too wide) in paragraph at lines 611--611
[]\OT1/cmtt/m/n/10.95 for(i=0; i < size ; i++){               //iterate through
 eachplanet once per step[] 
 []

[15]
Overfull \hbox (168.87927pt too wide) in paragraph at lines 611--611
[]\OT1/cmtt/m/n/10.95 std::string filename = "rk4method2/sys"+planlist[i].name+
"N"+N_str+"yr"+yr_str+"verlet.csv";[] 
 []


Overfull \hbox (105.6437pt too wide) in paragraph at lines 611--611
[]\OT1/cmtt/m/n/10.95 x1 -= plan2.mass*h*h*2*PI*PI*(planlist[i].position[0]-pla
n2.position[0])/(r*r*r);[] 
 []


Overfull \hbox (105.6437pt too wide) in paragraph at lines 611--611
[]\OT1/cmtt/m/n/10.95 y1 -= plan2.mass*h*h*2*PI*PI*(planlist[i].position[1]-pla
n2.position[1])/(r*r*r);[] 
 []


Overfull \hbox (266.60696pt too wide) in paragraph at lines 611--611
[]\OT1/cmtt/m/n/10.95 //                           cout<<"change"<<h*h*2*PI*PI*
(planlist[i].position[0]-plan2.position[0])/(r*r*r);[] 
 []


Overfull \hbox (128.63846pt too wide) in paragraph at lines 611--611
[]\OT1/cmtt/m/n/10.95 vx1 -= plan2.mass*2*PI*PI*(planlist[i].position[0]+x1-2*p
lan2.position[0])*h/(r*r*r);[] 
 []


Overfull \hbox (59.6542pt too wide) in paragraph at lines 611--611
[]\OT1/cmtt/m/n/10.95 //cout<<"change"<<4*PI*PI*(plan.position[0]-plan2.positio
n[0])*h/(r*r*r);[] 
 []


Overfull \hbox (128.63846pt too wide) in paragraph at lines 611--611
[]\OT1/cmtt/m/n/10.95 vy1 -= plan2.mass*2*PI*PI*(planlist[i].position[1]+y1-2*p
lan2.position[1])*h/(r*r*r);[] 
 []


Overfull \hbox (42.40814pt too wide) in paragraph at lines 611--611
[]\OT1/cmtt/m/n/10.95 myfile << t << ","<< x1 << ","<< vx1<< "," << y1<< "," <<
 vy1<< "\n" ;[] 
 []


Overfull \hbox (42.40814pt too wide) in paragraph at lines 611--611
[]\OT1/cmtt/m/n/10.95 //cout << t << ","<< x1 << ","<< vx1<< "," << y1<< "," <<
 vy1<< "\n" ;[] 
 []

[16] [17] [18]
Overfull \hbox (88.39764pt too wide) in paragraph at lines 611--611
[]\OT1/cmtt/m/n/10.95 //           myfile << t << ","<< x<< ","<< vx<< "," << y
<< "," << vy<< "\n" ;[] 
 []


Overfull \hbox (2.16733pt too wide) in paragraph at lines 611--611
[]\OT1/cmtt/m/n/10.95 //               vx = vx + (k1vx + 2*k2vx + 2 * k3vx + k4
vx)/6;[] 
 []


Overfull \hbox (2.16733pt too wide) in paragraph at lines 611--611
[]\OT1/cmtt/m/n/10.95 //               vy = vy + (k1vy + 2*k2vy + 2 * k3vy + k4
vy)/6;[] 
 []


Overfull \hbox (111.3924pt too wide) in paragraph at lines 611--611
[]\OT1/cmtt/m/n/10.95 //               myfile << t << ","<< x<< ","<< vx<< "," 
<< y<< "," << vy<< "\n" ;[] 
 []

[19] [20] [21] (project3.aux) ) 
Here is how much of TeX's memory you used:
 2942 strings out of 493698
 39290 string characters out of 3144418
 107717 words of memory out of 3000000
 6275 multiletter control sequences out of 15000+200000
 9262 words of font info for 34 fonts, out of 3000000 for 9000
 1025 hyphenation exceptions out of 8191
 27i,6n,32p,460b,248s stack positions out of 5000i,500n,10000p,200000b,50000s
<C:/Program Files/MiKTeX 2.9/fonts/type1/public/
amsfonts/cm/cmbx12.pfb><C:/Program Files/MiKTeX 2.9/fonts/type1/public/amsfonts
/cm/cmex10.pfb><C:/Program Files/MiKTeX 2.9/fonts/type1/public/amsfonts/cm/cmmi
10.pfb><C:/Program Files/MiKTeX 2.9/fonts/type1/public/amsfonts/cm/cmmi8.pfb><C
:/Program Files/MiKTeX 2.9/fonts/type1/public/amsfonts/cm/cmr10.pfb><C:/Program
 Files/MiKTeX 2.9/fonts/type1/public/amsfonts/cm/cmr12.pfb><C:/Program Files/Mi
KTeX 2.9/fonts/type1/public/amsfonts/cm/cmr17.pfb><C:/Program Files/MiKTeX 2.9/
fonts/type1/public/amsfonts/cm/cmr8.pfb><C:/Program Files/MiKTeX 2.9/fonts/type
1/public/amsfonts/cm/cmsy10.pfb><C:/Program Files/MiKTeX 2.9/fonts/type1/public
/amsfonts/cm/cmtt10.pfb>
Output written on project3.pdf (21 pages, 179008 bytes).
PDF statistics:
 115 PDF objects out of 1000 (max. 8388607)
 0 named destinations out of 1000 (max. 500000)
 26 words of extra memory for PDF output out of 10000 (max. 10000000)

